Flow report for iac_toplevel
Sun Sep  3 11:24:26 2017
Quartus II 64-Bit Version 15.0.2 Build 153 07/15/2015 SJ Web Edition


---------------------
; Table of Contents ;
---------------------
  1. Legal Notice
  2. Flow Summary
  3. Flow Settings
  4. Flow Non-Default Global Settings
  5. Flow Elapsed Time
  6. Flow OS Summary
  7. Flow Log
  8. Flow Messages
  9. Flow Suppressed Messages



----------------
; Legal Notice ;
----------------
Copyright (C) 1991-2015 Altera Corporation. All rights reserved.
Your use of Altera Corporation's design tools, logic functions 
and other software and tools, and its AMPP partner logic 
functions, and any output files from any of the foregoing 
(including device programming or simulation files), and any 
associated documentation or information are expressly subject 
to the terms and conditions of the Altera Program License 
Subscription Agreement, the Altera Quartus II License Agreement,
the Altera MegaCore Function License Agreement, or other 
applicable license agreement, including, without limitation, 
that your use is for the sole purpose of programming logic 
devices manufactured by Altera and sold by Altera or its 
authorized distributors.  Please refer to the applicable 
agreement for further details.



+---------------------------------------------------------------------------------+
; Flow Summary                                                                    ;
+------------------------------------+--------------------------------------------+
; Flow Status                        ; Successful - Sun Sep  3 11:24:26 2017      ;
; Quartus II 64-Bit Version          ; 15.0.2 Build 153 07/15/2015 SJ Web Edition ;
; Revision Name                      ; iac_toplevel                               ;
; Top-level Entity Name              ; iac_toplevel                               ;
; Family                             ; Cyclone IV E                               ;
; Device                             ; EP4CE115F29C7                              ;
; Timing Models                      ; Final                                      ;
; Total logic elements               ; 3,652 / 114,480 ( 3 % )                    ;
;     Total combinational functions  ; 3,509 / 114,480 ( 3 % )                    ;
;     Dedicated logic registers      ; 1,482 / 114,480 ( 1 % )                    ;
; Total registers                    ; 1482                                       ;
; Total pins                         ; 201 / 529 ( 38 % )                         ;
; Total virtual pins                 ; 0                                          ;
; Total memory bits                  ; 2,944 / 3,981,312 ( < 1 % )                ;
; Embedded Multiplier 9-bit elements ; 14 / 532 ( 3 % )                           ;
; Total PLLs                         ; 1 / 4 ( 25 % )                             ;
+------------------------------------+--------------------------------------------+


+-----------------------------------------+
; Flow Settings                           ;
+-------------------+---------------------+
; Option            ; Setting             ;
+-------------------+---------------------+
; Start date & time ; 09/03/2017 11:20:56 ;
; Main task         ; Compilation         ;
; Revision Name     ; iac_toplevel        ;
+-------------------+---------------------+


+--------------------------------------------------------------------------------------------------------------------------------+
; Flow Non-Default Global Settings                                                                                               ;
+-----------------------------------------+---------------------------------------+---------------+-------------+----------------+
; Assignment Name                         ; Value                                 ; Default Value ; Entity Name ; Section Id     ;
+-----------------------------------------+---------------------------------------+---------------+-------------+----------------+
; COMPILER_SIGNATURE_ID                   ; 255365646282386.150443045605229       ; --            ; --          ; --             ;
; EDA_OUTPUT_DATA_FORMAT                  ; Vhdl                                  ; --            ; --          ; eda_simulation ;
; EDA_SIMULATION_TOOL                     ; ModelSim-Altera (VHDL)                ; <None>        ; --          ; --             ;
; FITTER_EFFORT                           ; Standard Fit                          ; Auto Fit      ; --          ; --             ;
; MAX_CORE_JUNCTION_TEMP                  ; 85                                    ; --            ; --          ; --             ;
; MIN_CORE_JUNCTION_TEMP                  ; 0                                     ; --            ; --          ; --             ;
; NOMINAL_CORE_SUPPLY_VOLTAGE             ; 1.2V                                  ; --            ; --          ; --             ;
; OPTIMIZATION_MODE                       ; High Performance Effort               ; Balanced      ; --          ; --             ;
; PARTITION_COLOR                         ; 16764057                              ; --            ; --          ; Top            ;
; PARTITION_FITTER_PRESERVATION_LEVEL     ; PLACEMENT_AND_ROUTING                 ; --            ; --          ; Top            ;
; PARTITION_NETLIST_TYPE                  ; SOURCE                                ; --            ; --          ; Top            ;
; PHYSICAL_SYNTHESIS_COMBO_LOGIC          ; On                                    ; Off           ; --          ; --             ;
; PHYSICAL_SYNTHESIS_REGISTER_DUPLICATION ; On                                    ; Off           ; --          ; --             ;
; PHYSICAL_SYNTHESIS_REGISTER_RETIMING    ; On                                    ; Off           ; --          ; --             ;
; PLACEMENT_EFFORT_MULTIPLIER             ; 4.0                                   ; 1.0           ; --          ; --             ;
; POWER_BOARD_THERMAL_MODEL               ; None (CONSERVATIVE)                   ; --            ; --          ; --             ;
; POWER_PRESET_COOLING_SOLUTION           ; 23 MM HEAT SINK WITH 200 LFPM AIRFLOW ; --            ; --          ; --             ;
; PROJECT_OUTPUT_DIRECTORY                ; output_files                          ; --            ; --          ; --             ;
; ROUTER_TIMING_OPTIMIZATION_LEVEL        ; MAXIMUM                               ; Normal        ; --          ; --             ;
+-----------------------------------------+---------------------------------------+---------------+-------------+----------------+


+-------------------------------------------------------------------------------------------------------------------------------+
; Flow Elapsed Time                                                                                                             ;
+---------------------------+--------------+-------------------------+---------------------+------------------------------------+
; Module Name               ; Elapsed Time ; Average Processors Used ; Peak Virtual Memory ; Total CPU Time (on all processors) ;
+---------------------------+--------------+-------------------------+---------------------+------------------------------------+
; Analysis & Synthesis      ; 00:01:10     ; 1.0                     ; 1208 MB             ; 00:01:39                           ;
; Fitter                    ; 00:01:41     ; 1.0                     ; 1343 MB             ; 00:01:41                           ;
; Assembler                 ; 00:00:07     ; 1.0                     ; 861 MB              ; 00:00:07                           ;
; TimeQuest Timing Analyzer ; 00:00:08     ; 1.0                     ; 998 MB              ; 00:00:08                           ;
; EDA Netlist Writer        ; 00:00:08     ; 1.0                     ; 1157 MB             ; 00:00:08                           ;
; Total                     ; 00:03:14     ; --                      ; --                  ; 00:03:43                           ;
+---------------------------+--------------+-------------------------+---------------------+------------------------------------+


+-----------------------------------------------------------------------------------------+
; Flow OS Summary                                                                         ;
+---------------------------+------------------+------------+------------+----------------+
; Module Name               ; Machine Hostname ; OS Name    ; OS Version ; Processor type ;
+---------------------------+------------------+------------+------------+----------------+
; Analysis & Synthesis      ; heizungsrohr     ; Linux Mint ; 17         ; x86_64         ;
; Fitter                    ; heizungsrohr     ; Linux Mint ; 17         ; x86_64         ;
; Assembler                 ; heizungsrohr     ; Linux Mint ; 17         ; x86_64         ;
; TimeQuest Timing Analyzer ; heizungsrohr     ; Linux Mint ; 17         ; x86_64         ;
; EDA Netlist Writer        ; heizungsrohr     ; Linux Mint ; 17         ; x86_64         ;
+---------------------------+------------------+------------+------------+----------------+


------------
; Flow Log ;
------------
quartus_map --read_settings_files=on --write_settings_files=off iac_toplevel -c iac_toplevel
quartus_fit --read_settings_files=off --write_settings_files=off iac_toplevel -c iac_toplevel
quartus_asm --read_settings_files=off --write_settings_files=off iac_toplevel -c iac_toplevel
quartus_sta iac_toplevel -c iac_toplevel
quartus_eda --read_settings_files=off --write_settings_files=off iac_toplevel -c iac_toplevel



